<?xml version="1.0" encoding="UTF-8"?>
<!-- Generated by org.testng.reporters.JUnitReportReporter -->
<testsuite hostname="LAPTOP-BPJQ6IQK" failures="0" tests="3" name="com.automation.TestNGPractices.BClass" time="0.019" errors="0" timestamp="2022-08-07T19:52:19 IST" skipped="0">
  <testcase classname="com.automation.TestNGPractices.BClass" name="myTest1" time="0.011"/>
  <system-out/>
  <testcase classname="com.automation.TestNGPractices.BClass" name="myTest2" time="0.005"/>
  <system-out/>
  <testcase classname="com.automation.TestNGPractices.BClass" name="myTest3" time="0.003"/>
  <system-out/>
</testsuite> <!-- com.automation.TestNGPractices.BClass -->
