<?xml version="1.0" encoding="UTF-8"?>
<!-- Generated by org.testng.reporters.JUnitReportReporter -->
<testsuite hostname="LAPTOP-BPJQ6IQK" failures="0" tests="3" name="com.automation.TestNGPractices.AClass" time="0.032" errors="0" timestamp="2022-08-07T19:52:19 IST" skipped="0">
  <testcase classname="com.automation.TestNGPractices.AClass" name="myTest2" time="0.006"/>
  <system-out/>
  <testcase classname="com.automation.TestNGPractices.AClass" name="myTest3" time="0.009"/>
  <system-out/>
  <testcase classname="com.automation.TestNGPractices.AClass" name="myTest1" time="0.017"/>
  <system-out/>
</testsuite> <!-- com.automation.TestNGPractices.AClass -->
