<?xml version="1.0" encoding="UTF-8"?>
<!-- Generated by org.testng.reporters.JUnitReportReporter -->
<testsuite hostname="LAPTOP-BPJQ6IQK" failures="0" tests="3" name="com.automation.TestNGPractices.AnotherTestClass" time="0.014" errors="0" timestamp="2022-08-03T19:52:28 IST" skipped="0">
  <testcase classname="com.automation.TestNGPractices.AnotherTestClass" name="myTest3" time="0.003"/>
  <system-out/>
  <testcase classname="com.automation.TestNGPractices.AnotherTestClass" name="myTest1" time="0.003"/>
  <system-out/>
  <testcase classname="com.automation.TestNGPractices.AnotherTestClass" name="myTest2" time="0.008"/>
  <system-out/>
</testsuite> <!-- com.automation.TestNGPractices.AnotherTestClass -->
